[0.395s] Invoking command in '/home/olin/github/ponderada-teleop/src/teleop_turtlebot': PYTHONPATH=/home/olin/github/ponderada-teleop/build/teleop_turtlebot/prefix_override:/home/olin/github/ponderada-teleop/install/teleop_turtlebot/lib/python3.10/site-packages:${PYTHONPATH} /usr/bin/python3 -W ignore:setup.py install is deprecated setup.py egg_info --egg-base ../../build/teleop_turtlebot build --build-base /home/olin/github/ponderada-teleop/build/teleop_turtlebot/build install --record /home/olin/github/ponderada-teleop/build/teleop_turtlebot/install.log --single-version-externally-managed
[0.544s] running egg_info
[0.544s] writing ../../build/teleop_turtlebot/teleop_turtlebot.egg-info/PKG-INFO
[0.544s] writing dependency_links to ../../build/teleop_turtlebot/teleop_turtlebot.egg-info/dependency_links.txt
[0.544s] writing entry points to ../../build/teleop_turtlebot/teleop_turtlebot.egg-info/entry_points.txt
[0.545s] writing requirements to ../../build/teleop_turtlebot/teleop_turtlebot.egg-info/requires.txt
[0.545s] writing top-level names to ../../build/teleop_turtlebot/teleop_turtlebot.egg-info/top_level.txt
[0.546s] reading manifest file '../../build/teleop_turtlebot/teleop_turtlebot.egg-info/SOURCES.txt'
[0.546s] writing manifest file '../../build/teleop_turtlebot/teleop_turtlebot.egg-info/SOURCES.txt'
[0.546s] running build
[0.546s] running build_py
[0.546s] running install
[0.546s] running install_lib
[0.547s] running install_egg_info
[0.548s] removing '/home/olin/github/ponderada-teleop/install/teleop_turtlebot/lib/python3.10/site-packages/teleop_turtlebot-0.0.0-py3.10.egg-info' (and everything under it)
[0.548s] Copying ../../build/teleop_turtlebot/teleop_turtlebot.egg-info to /home/olin/github/ponderada-teleop/install/teleop_turtlebot/lib/python3.10/site-packages/teleop_turtlebot-0.0.0-py3.10.egg-info
[0.549s] running install_scripts
[0.562s] Installing teleop_node script to /home/olin/github/ponderada-teleop/install/teleop_turtlebot/lib/teleop_turtlebot
[0.562s] writing list of installed files to '/home/olin/github/ponderada-teleop/build/teleop_turtlebot/install.log'
[0.577s] Invoked command in '/home/olin/github/ponderada-teleop/src/teleop_turtlebot' returned '0': PYTHONPATH=/home/olin/github/ponderada-teleop/build/teleop_turtlebot/prefix_override:/home/olin/github/ponderada-teleop/install/teleop_turtlebot/lib/python3.10/site-packages:${PYTHONPATH} /usr/bin/python3 -W ignore:setup.py install is deprecated setup.py egg_info --egg-base ../../build/teleop_turtlebot build --build-base /home/olin/github/ponderada-teleop/build/teleop_turtlebot/build install --record /home/olin/github/ponderada-teleop/build/teleop_turtlebot/install.log --single-version-externally-managed
