[0.908s] Invoking command in '/home/olin/github/ponderada-teleop/src/teleop_turtlebot': PYTHONPATH=/home/olin/github/ponderada-teleop/build/teleop_turtlebot/prefix_override:/home/olin/github/ponderada-teleop/install/teleop_turtlebot/lib/python3.10/site-packages:${PYTHONPATH} /usr/bin/python3 -W ignore:setup.py install is deprecated setup.py egg_info --egg-base ../../build/teleop_turtlebot build --build-base /home/olin/github/ponderada-teleop/build/teleop_turtlebot/build install --record /home/olin/github/ponderada-teleop/build/teleop_turtlebot/install.log --single-version-externally-managed
[1.069s] running egg_info
[1.069s] writing ../../build/teleop_turtlebot/teleop_turtlebot.egg-info/PKG-INFO
[1.069s] writing dependency_links to ../../build/teleop_turtlebot/teleop_turtlebot.egg-info/dependency_links.txt
[1.070s] writing entry points to ../../build/teleop_turtlebot/teleop_turtlebot.egg-info/entry_points.txt
[1.070s] writing requirements to ../../build/teleop_turtlebot/teleop_turtlebot.egg-info/requires.txt
[1.070s] writing top-level names to ../../build/teleop_turtlebot/teleop_turtlebot.egg-info/top_level.txt
[1.071s] reading manifest file '../../build/teleop_turtlebot/teleop_turtlebot.egg-info/SOURCES.txt'
[1.072s] writing manifest file '../../build/teleop_turtlebot/teleop_turtlebot.egg-info/SOURCES.txt'
[1.072s] running build
[1.072s] running build_py
[1.072s] copying teleop_turtlebot/teleop_node.py -> /home/olin/github/ponderada-teleop/build/teleop_turtlebot/build/lib/teleop_turtlebot
[1.072s] running install
[1.072s] running install_lib
[1.073s] copying /home/olin/github/ponderada-teleop/build/teleop_turtlebot/build/lib/teleop_turtlebot/teleop_node.py -> /home/olin/github/ponderada-teleop/install/teleop_turtlebot/lib/python3.10/site-packages/teleop_turtlebot
[1.074s] byte-compiling /home/olin/github/ponderada-teleop/install/teleop_turtlebot/lib/python3.10/site-packages/teleop_turtlebot/teleop_node.py to teleop_node.cpython-310.pyc
[1.074s] running install_egg_info
[1.075s] removing '/home/olin/github/ponderada-teleop/install/teleop_turtlebot/lib/python3.10/site-packages/teleop_turtlebot-0.0.0-py3.10.egg-info' (and everything under it)
[1.076s] Copying ../../build/teleop_turtlebot/teleop_turtlebot.egg-info to /home/olin/github/ponderada-teleop/install/teleop_turtlebot/lib/python3.10/site-packages/teleop_turtlebot-0.0.0-py3.10.egg-info
[1.076s] running install_scripts
[1.090s] Installing teleop_node script to /home/olin/github/ponderada-teleop/install/teleop_turtlebot/lib/teleop_turtlebot
[1.090s] writing list of installed files to '/home/olin/github/ponderada-teleop/build/teleop_turtlebot/install.log'
[1.107s] Invoked command in '/home/olin/github/ponderada-teleop/src/teleop_turtlebot' returned '0': PYTHONPATH=/home/olin/github/ponderada-teleop/build/teleop_turtlebot/prefix_override:/home/olin/github/ponderada-teleop/install/teleop_turtlebot/lib/python3.10/site-packages:${PYTHONPATH} /usr/bin/python3 -W ignore:setup.py install is deprecated setup.py egg_info --egg-base ../../build/teleop_turtlebot build --build-base /home/olin/github/ponderada-teleop/build/teleop_turtlebot/build install --record /home/olin/github/ponderada-teleop/build/teleop_turtlebot/install.log --single-version-externally-managed
