[0.142s] DEBUG:colcon:Command line arguments: ['/usr/bin/colcon', 'build']
[0.142s] DEBUG:colcon:Parsed command line arguments: Namespace(log_base=None, log_level=None, verb_name='build', build_base='build', install_base='install', merge_install=False, symlink_install=False, test_result_base=None, continue_on_error=False, executor='parallel', parallel_workers=8, event_handlers=None, ignore_user_meta=False, metas=['./colcon.meta'], base_paths=['.'], packages_ignore=None, packages_ignore_regex=None, paths=None, packages_up_to=None, packages_up_to_regex=None, packages_above=None, packages_above_and_dependencies=None, packages_above_depth=None, packages_select_by_dep=None, packages_skip_by_dep=None, packages_skip_up_to=None, packages_select_build_failed=False, packages_skip_build_finished=False, packages_select_test_failures=False, packages_skip_test_passed=False, packages_select=None, packages_skip=None, packages_select_regex=None, packages_skip_regex=None, packages_start=None, packages_end=None, allow_overriding=[], cmake_args=None, cmake_target=None, cmake_target_skip_unavailable=False, cmake_clean_cache=False, cmake_clean_first=False, cmake_force_configure=False, ament_cmake_args=None, catkin_cmake_args=None, catkin_skip_building_tests=False, verb_parser=<colcon_defaults.argument_parser.defaults.DefaultArgumentsDecorator object at 0x745d97fdd9f0>, verb_extension=<colcon_core.verb.build.BuildVerb object at 0x745d98136560>, main=<bound method BuildVerb.main of <colcon_core.verb.build.BuildVerb object at 0x745d98136560>>)
[0.317s] Level 1:colcon.colcon_core.package_discovery:discover_packages(colcon_meta) check parameters
[0.317s] Level 1:colcon.colcon_core.package_discovery:discover_packages(recursive) check parameters
[0.317s] Level 1:colcon.colcon_core.package_discovery:discover_packages(ignore) check parameters
[0.318s] Level 1:colcon.colcon_core.package_discovery:discover_packages(path) check parameters
[0.318s] Level 1:colcon.colcon_core.package_discovery:discover_packages(colcon_meta) discover
[0.318s] Level 1:colcon.colcon_core.package_discovery:discover_packages(recursive) discover
[0.318s] INFO:colcon.colcon_core.package_discovery:Crawling recursively for packages in '/home/olin/github/ponderada-teleop'
[0.318s] Level 1:colcon.colcon_core.package_identification:_identify(.) by extensions ['ignore', 'ignore_ament_install']
[0.318s] Level 1:colcon.colcon_core.package_identification:_identify(.) by extension 'ignore'
[0.318s] Level 1:colcon.colcon_core.package_identification:_identify(.) by extension 'ignore_ament_install'
[0.318s] Level 1:colcon.colcon_core.package_identification:_identify(.) by extensions ['colcon_pkg']
[0.318s] Level 1:colcon.colcon_core.package_identification:_identify(.) by extension 'colcon_pkg'
[0.318s] Level 1:colcon.colcon_core.package_identification:_identify(.) by extensions ['colcon_meta']
[0.318s] Level 1:colcon.colcon_core.package_identification:_identify(.) by extension 'colcon_meta'
[0.318s] Level 1:colcon.colcon_core.package_identification:_identify(.) by extensions ['ros']
[0.318s] Level 1:colcon.colcon_core.package_identification:_identify(.) by extension 'ros'
[0.327s] Level 1:colcon.colcon_core.package_identification:_identify(.) by extensions ['cmake', 'python']
[0.327s] Level 1:colcon.colcon_core.package_identification:_identify(.) by extension 'cmake'
[0.327s] Level 1:colcon.colcon_core.package_identification:_identify(.) by extension 'python'
[0.327s] Level 1:colcon.colcon_core.package_identification:_identify(.) by extensions ['python_setup_py']
[0.327s] Level 1:colcon.colcon_core.package_identification:_identify(.) by extension 'python_setup_py'
[0.327s] Level 1:colcon.colcon_core.package_identification:_identify(build) by extensions ['ignore', 'ignore_ament_install']
[0.327s] Level 1:colcon.colcon_core.package_identification:_identify(build) by extension 'ignore'
[0.327s] Level 1:colcon.colcon_core.package_identification:_identify(build) ignored
[0.327s] Level 1:colcon.colcon_core.package_identification:_identify(install) by extensions ['ignore', 'ignore_ament_install']
[0.327s] Level 1:colcon.colcon_core.package_identification:_identify(install) by extension 'ignore'
[0.327s] Level 1:colcon.colcon_core.package_identification:_identify(install) ignored
[0.327s] Level 1:colcon.colcon_core.package_identification:_identify(log) by extensions ['ignore', 'ignore_ament_install']
[0.327s] Level 1:colcon.colcon_core.package_identification:_identify(log) by extension 'ignore'
[0.327s] Level 1:colcon.colcon_core.package_identification:_identify(log) ignored
[0.327s] Level 1:colcon.colcon_core.package_identification:_identify(src) by extensions ['ignore', 'ignore_ament_install']
[0.327s] Level 1:colcon.colcon_core.package_identification:_identify(src) by extension 'ignore'
[0.327s] Level 1:colcon.colcon_core.package_identification:_identify(src) by extension 'ignore_ament_install'
[0.328s] Level 1:colcon.colcon_core.package_identification:_identify(src) by extensions ['colcon_pkg']
[0.328s] Level 1:colcon.colcon_core.package_identification:_identify(src) by extension 'colcon_pkg'
[0.328s] Level 1:colcon.colcon_core.package_identification:_identify(src) by extensions ['colcon_meta']
[0.328s] Level 1:colcon.colcon_core.package_identification:_identify(src) by extension 'colcon_meta'
[0.328s] Level 1:colcon.colcon_core.package_identification:_identify(src) by extensions ['ros']
[0.328s] Level 1:colcon.colcon_core.package_identification:_identify(src) by extension 'ros'
[0.328s] Level 1:colcon.colcon_core.package_identification:_identify(src) by extensions ['cmake', 'python']
[0.328s] Level 1:colcon.colcon_core.package_identification:_identify(src) by extension 'cmake'
[0.328s] Level 1:colcon.colcon_core.package_identification:_identify(src) by extension 'python'
[0.328s] Level 1:colcon.colcon_core.package_identification:_identify(src) by extensions ['python_setup_py']
[0.328s] Level 1:colcon.colcon_core.package_identification:_identify(src) by extension 'python_setup_py'
[0.328s] Level 1:colcon.colcon_core.package_identification:_identify(src/build) by extensions ['ignore', 'ignore_ament_install']
[0.328s] Level 1:colcon.colcon_core.package_identification:_identify(src/build) by extension 'ignore'
[0.328s] Level 1:colcon.colcon_core.package_identification:_identify(src/build) ignored
[0.328s] Level 1:colcon.colcon_core.package_identification:_identify(src/install) by extensions ['ignore', 'ignore_ament_install']
[0.328s] Level 1:colcon.colcon_core.package_identification:_identify(src/install) by extension 'ignore'
[0.328s] Level 1:colcon.colcon_core.package_identification:_identify(src/install) ignored
[0.328s] Level 1:colcon.colcon_core.package_identification:_identify(src/log) by extensions ['ignore', 'ignore_ament_install']
[0.328s] Level 1:colcon.colcon_core.package_identification:_identify(src/log) by extension 'ignore'
[0.328s] Level 1:colcon.colcon_core.package_identification:_identify(src/log) ignored
[0.328s] Level 1:colcon.colcon_core.package_identification:_identify(src/teleop_turtlebot) by extensions ['ignore', 'ignore_ament_install']
[0.328s] Level 1:colcon.colcon_core.package_identification:_identify(src/teleop_turtlebot) by extension 'ignore'
[0.329s] Level 1:colcon.colcon_core.package_identification:_identify(src/teleop_turtlebot) by extension 'ignore_ament_install'
[0.329s] Level 1:colcon.colcon_core.package_identification:_identify(src/teleop_turtlebot) by extensions ['colcon_pkg']
[0.329s] Level 1:colcon.colcon_core.package_identification:_identify(src/teleop_turtlebot) by extension 'colcon_pkg'
[0.329s] Level 1:colcon.colcon_core.package_identification:_identify(src/teleop_turtlebot) by extensions ['colcon_meta']
[0.329s] Level 1:colcon.colcon_core.package_identification:_identify(src/teleop_turtlebot) by extension 'colcon_meta'
[0.329s] Level 1:colcon.colcon_core.package_identification:_identify(src/teleop_turtlebot) by extensions ['ros']
[0.329s] Level 1:colcon.colcon_core.package_identification:_identify(src/teleop_turtlebot) by extension 'ros'
[0.331s] DEBUG:colcon.colcon_core.package_identification:Package 'src/teleop_turtlebot' with type 'ros.ament_python' and name 'teleop_turtlebot'
[0.331s] Level 1:colcon.colcon_core.package_discovery:discover_packages(recursive) using defaults
[0.331s] Level 1:colcon.colcon_core.package_discovery:discover_packages(ignore) discover
[0.331s] Level 1:colcon.colcon_core.package_discovery:discover_packages(ignore) using defaults
[0.331s] Level 1:colcon.colcon_core.package_discovery:discover_packages(path) discover
[0.331s] Level 1:colcon.colcon_core.package_discovery:discover_packages(path) using defaults
[0.350s] Level 1:colcon.colcon_core.package_discovery:discover_packages(prefix_path) check parameters
[0.350s] Level 1:colcon.colcon_core.package_discovery:discover_packages(prefix_path) discover
[0.352s] DEBUG:colcon.colcon_installed_package_information.package_discovery:Found 1 installed packages in /home/olin/github/ponderada-teleop/install
[0.353s] DEBUG:colcon.colcon_installed_package_information.package_discovery:Found 1 installed packages in /home/olin/github/ponderada-teleop/src/install
[0.354s] DEBUG:colcon.colcon_installed_package_information.package_discovery:Found 402 installed packages in /opt/ros/humble
[0.363s] Level 1:colcon.colcon_core.package_discovery:discover_packages(prefix_path) using defaults
[0.420s] Level 5:colcon.colcon_core.verb:set package 'teleop_turtlebot' build argument 'cmake_args' from command line to 'None'
[0.420s] Level 5:colcon.colcon_core.verb:set package 'teleop_turtlebot' build argument 'cmake_target' from command line to 'None'
[0.420s] Level 5:colcon.colcon_core.verb:set package 'teleop_turtlebot' build argument 'cmake_target_skip_unavailable' from command line to 'False'
[0.420s] Level 5:colcon.colcon_core.verb:set package 'teleop_turtlebot' build argument 'cmake_clean_cache' from command line to 'False'
[0.420s] Level 5:colcon.colcon_core.verb:set package 'teleop_turtlebot' build argument 'cmake_clean_first' from command line to 'False'
[0.420s] Level 5:colcon.colcon_core.verb:set package 'teleop_turtlebot' build argument 'cmake_force_configure' from command line to 'False'
[0.420s] Level 5:colcon.colcon_core.verb:set package 'teleop_turtlebot' build argument 'ament_cmake_args' from command line to 'None'
[0.420s] Level 5:colcon.colcon_core.verb:set package 'teleop_turtlebot' build argument 'catkin_cmake_args' from command line to 'None'
[0.420s] Level 5:colcon.colcon_core.verb:set package 'teleop_turtlebot' build argument 'catkin_skip_building_tests' from command line to 'False'
[0.420s] DEBUG:colcon.colcon_core.verb:Building package 'teleop_turtlebot' with the following arguments: {'ament_cmake_args': None, 'build_base': '/home/olin/github/ponderada-teleop/build/teleop_turtlebot', 'catkin_cmake_args': None, 'catkin_skip_building_tests': False, 'cmake_args': None, 'cmake_clean_cache': False, 'cmake_clean_first': False, 'cmake_force_configure': False, 'cmake_target': None, 'cmake_target_skip_unavailable': False, 'install_base': '/home/olin/github/ponderada-teleop/install/teleop_turtlebot', 'merge_install': False, 'path': '/home/olin/github/ponderada-teleop/src/teleop_turtlebot', 'symlink_install': False, 'test_result_base': None}
[0.421s] INFO:colcon.colcon_core.executor:Executing jobs using 'parallel' executor
[0.422s] DEBUG:colcon.colcon_parallel_executor.executor.parallel:run_until_complete
[0.422s] INFO:colcon.colcon_ros.task.ament_python.build:Building ROS package in '/home/olin/github/ponderada-teleop/src/teleop_turtlebot' with build type 'ament_python'
[0.422s] Level 1:colcon.colcon_core.shell:create_environment_hook('teleop_turtlebot', 'ament_prefix_path')
[0.425s] INFO:colcon.colcon_core.plugin_system:Skipping extension 'colcon_core.shell.bat': Not used on non-Windows systems
[0.425s] INFO:colcon.colcon_core.shell:Creating environment hook '/home/olin/github/ponderada-teleop/install/teleop_turtlebot/share/teleop_turtlebot/hook/ament_prefix_path.ps1'
[0.426s] INFO:colcon.colcon_core.shell:Creating environment descriptor '/home/olin/github/ponderada-teleop/install/teleop_turtlebot/share/teleop_turtlebot/hook/ament_prefix_path.dsv'
[0.426s] INFO:colcon.colcon_core.shell:Creating environment hook '/home/olin/github/ponderada-teleop/install/teleop_turtlebot/share/teleop_turtlebot/hook/ament_prefix_path.sh'
[0.427s] INFO:colcon.colcon_core.shell:Skip shell extension 'powershell' for command environment: Not usable outside of PowerShell
[0.427s] DEBUG:colcon.colcon_core.shell:Skip shell extension 'dsv' for command environment
[0.599s] WARNING:colcon.colcon_ros.task.ament_python.build:Package 'teleop_turtlebot' doesn't explicitly install a marker in the package index (colcon-ros currently does it implicitly but that fallback will be removed in the future)
[0.600s] WARNING:colcon.colcon_ros.task.ament_python.build:Package 'teleop_turtlebot' doesn't explicitly install the 'package.xml' file (colcon-ros currently does it implicitly but that fallback will be removed in the future)
[0.600s] INFO:colcon.colcon_core.task.python.build:Building Python package in '/home/olin/github/ponderada-teleop/src/teleop_turtlebot'
[0.600s] INFO:colcon.colcon_core.shell:Skip shell extension 'powershell' for command environment: Not usable outside of PowerShell
[0.600s] DEBUG:colcon.colcon_core.shell:Skip shell extension 'dsv' for command environment
[0.945s] DEBUG:colcon.colcon_core.event_handler.log_command:Invoking command in '/home/olin/github/ponderada-teleop/src/teleop_turtlebot': PYTHONPATH=/home/olin/github/ponderada-teleop/build/teleop_turtlebot/prefix_override:/home/olin/github/ponderada-teleop/install/teleop_turtlebot/lib/python3.10/site-packages:${PYTHONPATH} /usr/bin/python3 -W ignore:setup.py install is deprecated setup.py egg_info --egg-base ../../build/teleop_turtlebot build --build-base /home/olin/github/ponderada-teleop/build/teleop_turtlebot/build install --record /home/olin/github/ponderada-teleop/build/teleop_turtlebot/install.log --single-version-externally-managed
[1.145s] DEBUG:colcon.colcon_core.event_handler.log_command:Invoked command in '/home/olin/github/ponderada-teleop/src/teleop_turtlebot' returned '0': PYTHONPATH=/home/olin/github/ponderada-teleop/build/teleop_turtlebot/prefix_override:/home/olin/github/ponderada-teleop/install/teleop_turtlebot/lib/python3.10/site-packages:${PYTHONPATH} /usr/bin/python3 -W ignore:setup.py install is deprecated setup.py egg_info --egg-base ../../build/teleop_turtlebot build --build-base /home/olin/github/ponderada-teleop/build/teleop_turtlebot/build install --record /home/olin/github/ponderada-teleop/build/teleop_turtlebot/install.log --single-version-externally-managed
[1.148s] Level 1:colcon.colcon_core.environment:checking '/home/olin/github/ponderada-teleop/install/teleop_turtlebot' for CMake module files
[1.149s] Level 1:colcon.colcon_core.environment:checking '/home/olin/github/ponderada-teleop/install/teleop_turtlebot' for CMake config files
[1.150s] Level 1:colcon.colcon_core.environment:checking '/home/olin/github/ponderada-teleop/install/teleop_turtlebot/lib'
[1.150s] Level 1:colcon.colcon_core.environment:checking '/home/olin/github/ponderada-teleop/install/teleop_turtlebot/bin'
[1.150s] Level 1:colcon.colcon_core.environment:checking '/home/olin/github/ponderada-teleop/install/teleop_turtlebot/lib/pkgconfig/teleop_turtlebot.pc'
[1.150s] Level 1:colcon.colcon_core.environment:checking '/home/olin/github/ponderada-teleop/install/teleop_turtlebot/lib/python3.10/site-packages'
[1.150s] Level 1:colcon.colcon_core.shell:create_environment_hook('teleop_turtlebot', 'pythonpath')
[1.150s] INFO:colcon.colcon_core.shell:Creating environment hook '/home/olin/github/ponderada-teleop/install/teleop_turtlebot/share/teleop_turtlebot/hook/pythonpath.ps1'
[1.151s] INFO:colcon.colcon_core.shell:Creating environment descriptor '/home/olin/github/ponderada-teleop/install/teleop_turtlebot/share/teleop_turtlebot/hook/pythonpath.dsv'
[1.151s] INFO:colcon.colcon_core.shell:Creating environment hook '/home/olin/github/ponderada-teleop/install/teleop_turtlebot/share/teleop_turtlebot/hook/pythonpath.sh'
[1.151s] Level 1:colcon.colcon_core.environment:checking '/home/olin/github/ponderada-teleop/install/teleop_turtlebot/bin'
[1.151s] Level 1:colcon.colcon_core.environment:create_environment_scripts_only(teleop_turtlebot)
[1.152s] INFO:colcon.colcon_core.shell:Creating package script '/home/olin/github/ponderada-teleop/install/teleop_turtlebot/share/teleop_turtlebot/package.ps1'
[1.152s] INFO:colcon.colcon_core.shell:Creating package descriptor '/home/olin/github/ponderada-teleop/install/teleop_turtlebot/share/teleop_turtlebot/package.dsv'
[1.153s] INFO:colcon.colcon_core.shell:Creating package script '/home/olin/github/ponderada-teleop/install/teleop_turtlebot/share/teleop_turtlebot/package.sh'
[1.153s] INFO:colcon.colcon_core.shell:Creating package script '/home/olin/github/ponderada-teleop/install/teleop_turtlebot/share/teleop_turtlebot/package.bash'
[1.154s] INFO:colcon.colcon_core.shell:Creating package script '/home/olin/github/ponderada-teleop/install/teleop_turtlebot/share/teleop_turtlebot/package.zsh'
[1.155s] Level 1:colcon.colcon_core.environment:create_file_with_runtime_dependencies(/home/olin/github/ponderada-teleop/install/teleop_turtlebot/share/colcon-core/packages/teleop_turtlebot)
[1.155s] DEBUG:colcon.colcon_parallel_executor.executor.parallel:closing loop
[1.155s] DEBUG:colcon.colcon_parallel_executor.executor.parallel:loop closed
[1.155s] DEBUG:colcon.colcon_parallel_executor.executor.parallel:run_until_complete finished with '0'
[1.155s] DEBUG:colcon.colcon_core.event_reactor:joining thread
[1.161s] INFO:colcon.colcon_core.plugin_system:Skipping extension 'colcon_notification.desktop_notification.terminal_notifier': Not used on non-Darwin systems
[1.161s] INFO:colcon.colcon_core.plugin_system:Skipping extension 'colcon_notification.desktop_notification.win32': Not used on non-Windows systems
[1.161s] INFO:colcon.colcon_notification.desktop_notification:Sending desktop notification using 'notify2'
[1.171s] DEBUG:colcon.colcon_core.event_reactor:joined thread
[1.171s] INFO:colcon.colcon_core.shell:Creating prefix script '/home/olin/github/ponderada-teleop/install/local_setup.ps1'
[1.172s] INFO:colcon.colcon_core.shell:Creating prefix util module '/home/olin/github/ponderada-teleop/install/_local_setup_util_ps1.py'
[1.173s] INFO:colcon.colcon_core.shell:Creating prefix chain script '/home/olin/github/ponderada-teleop/install/setup.ps1'
[1.173s] INFO:colcon.colcon_core.shell:Creating prefix script '/home/olin/github/ponderada-teleop/install/local_setup.sh'
[1.174s] INFO:colcon.colcon_core.shell:Creating prefix util module '/home/olin/github/ponderada-teleop/install/_local_setup_util_sh.py'
[1.174s] INFO:colcon.colcon_core.shell:Creating prefix chain script '/home/olin/github/ponderada-teleop/install/setup.sh'
[1.175s] INFO:colcon.colcon_core.shell:Creating prefix script '/home/olin/github/ponderada-teleop/install/local_setup.bash'
[1.176s] INFO:colcon.colcon_core.shell:Creating prefix chain script '/home/olin/github/ponderada-teleop/install/setup.bash'
[1.176s] INFO:colcon.colcon_core.shell:Creating prefix script '/home/olin/github/ponderada-teleop/install/local_setup.zsh'
[1.177s] INFO:colcon.colcon_core.shell:Creating prefix chain script '/home/olin/github/ponderada-teleop/install/setup.zsh'
