running develop
Removing /home/olin/github/ponderada-teleop/install/teleop_turtlebot/lib/python3.10/site-packages/teleop-turtlebot.egg-link (link to .)
running egg_info
writing ../../build/teleop_turtlebot/teleop_turtlebot.egg-info/PKG-INFO
writing dependency_links to ../../build/teleop_turtlebot/teleop_turtlebot.egg-info/dependency_links.txt
writing entry points to ../../build/teleop_turtlebot/teleop_turtlebot.egg-info/entry_points.txt
writing requirements to ../../build/teleop_turtlebot/teleop_turtlebot.egg-info/requires.txt
writing top-level names to ../../build/teleop_turtlebot/teleop_turtlebot.egg-info/top_level.txt
reading manifest file '../../build/teleop_turtlebot/teleop_turtlebot.egg-info/SOURCES.txt'
writing manifest file '../../build/teleop_turtlebot/teleop_turtlebot.egg-info/SOURCES.txt'
running build
running build_py
creating /home/olin/github/ponderada-teleop/build/teleop_turtlebot/build
creating /home/olin/github/ponderada-teleop/build/teleop_turtlebot/build/lib
creating /home/olin/github/ponderada-teleop/build/teleop_turtlebot/build/lib/teleop_turtlebot
copying teleop_turtlebot/__init__.py -> /home/olin/github/ponderada-teleop/build/teleop_turtlebot/build/lib/teleop_turtlebot
copying teleop_turtlebot/teleop_node.py -> /home/olin/github/ponderada-teleop/build/teleop_turtlebot/build/lib/teleop_turtlebot
running install
running install_lib
creating /home/olin/github/ponderada-teleop/install/teleop_turtlebot/lib/python3.10/site-packages/teleop_turtlebot
copying /home/olin/github/ponderada-teleop/build/teleop_turtlebot/build/lib/teleop_turtlebot/__init__.py -> /home/olin/github/ponderada-teleop/install/teleop_turtlebot/lib/python3.10/site-packages/teleop_turtlebot
copying /home/olin/github/ponderada-teleop/build/teleop_turtlebot/build/lib/teleop_turtlebot/teleop_node.py -> /home/olin/github/ponderada-teleop/install/teleop_turtlebot/lib/python3.10/site-packages/teleop_turtlebot
byte-compiling /home/olin/github/ponderada-teleop/install/teleop_turtlebot/lib/python3.10/site-packages/teleop_turtlebot/__init__.py to __init__.cpython-310.pyc
byte-compiling /home/olin/github/ponderada-teleop/install/teleop_turtlebot/lib/python3.10/site-packages/teleop_turtlebot/teleop_node.py to teleop_node.cpython-310.pyc
running install_egg_info
Copying ../../build/teleop_turtlebot/teleop_turtlebot.egg-info to /home/olin/github/ponderada-teleop/install/teleop_turtlebot/lib/python3.10/site-packages/teleop_turtlebot-0.0.0-py3.10.egg-info
running install_scripts
Installing teleop_node script to /home/olin/github/ponderada-teleop/install/teleop_turtlebot/lib/teleop_turtlebot
writing list of installed files to '/home/olin/github/ponderada-teleop/build/teleop_turtlebot/install.log'
