[0.530s] Invoking command in '/home/olin/github/ponderada-teleop/build/teleop_turtlebot': PYTHONPATH=/home/olin/github/ponderada-teleop/build/teleop_turtlebot/prefix_override:/home/olin/github/ponderada-teleop/install/teleop_turtlebot/lib/python3.10/site-packages:${PYTHONPATH} /usr/bin/python3 -W ignore:setup.py install is deprecated setup.py develop --uninstall --editable --build-directory /home/olin/github/ponderada-teleop/build/teleop_turtlebot/build
[0.712s] running develop
[0.712s] /usr/lib/python3/dist-packages/setuptools/command/easy_install.py:158: EasyInstallDeprecationWarning: easy_install command is deprecated. Use build and pip and other standards-based tools.
[0.713s]   warnings.warn(
[0.826s] Removing /home/olin/github/ponderada-teleop/install/teleop_turtlebot/lib/python3.10/site-packages/teleop-turtlebot.egg-link (link to .)
[0.849s] Invoked command in '/home/olin/github/ponderada-teleop/build/teleop_turtlebot' returned '0': PYTHONPATH=/home/olin/github/ponderada-teleop/build/teleop_turtlebot/prefix_override:/home/olin/github/ponderada-teleop/install/teleop_turtlebot/lib/python3.10/site-packages:${PYTHONPATH} /usr/bin/python3 -W ignore:setup.py install is deprecated setup.py develop --uninstall --editable --build-directory /home/olin/github/ponderada-teleop/build/teleop_turtlebot/build
[0.851s] Invoking command in '/home/olin/github/ponderada-teleop/src/teleop_turtlebot': PYTHONPATH=/home/olin/github/ponderada-teleop/build/teleop_turtlebot/prefix_override:/home/olin/github/ponderada-teleop/install/teleop_turtlebot/lib/python3.10/site-packages:${PYTHONPATH} /usr/bin/python3 -W ignore:setup.py install is deprecated setup.py egg_info --egg-base ../../build/teleop_turtlebot build --build-base /home/olin/github/ponderada-teleop/build/teleop_turtlebot/build install --record /home/olin/github/ponderada-teleop/build/teleop_turtlebot/install.log --single-version-externally-managed
[1.016s] running egg_info
[1.016s] writing ../../build/teleop_turtlebot/teleop_turtlebot.egg-info/PKG-INFO
[1.017s] writing dependency_links to ../../build/teleop_turtlebot/teleop_turtlebot.egg-info/dependency_links.txt
[1.017s] writing entry points to ../../build/teleop_turtlebot/teleop_turtlebot.egg-info/entry_points.txt
[1.017s] writing requirements to ../../build/teleop_turtlebot/teleop_turtlebot.egg-info/requires.txt
[1.017s] writing top-level names to ../../build/teleop_turtlebot/teleop_turtlebot.egg-info/top_level.txt
[1.020s] reading manifest file '../../build/teleop_turtlebot/teleop_turtlebot.egg-info/SOURCES.txt'
[1.020s] writing manifest file '../../build/teleop_turtlebot/teleop_turtlebot.egg-info/SOURCES.txt'
[1.020s] running build
[1.020s] running build_py
[1.020s] creating /home/olin/github/ponderada-teleop/build/teleop_turtlebot/build
[1.021s] creating /home/olin/github/ponderada-teleop/build/teleop_turtlebot/build/lib
[1.021s] creating /home/olin/github/ponderada-teleop/build/teleop_turtlebot/build/lib/teleop_turtlebot
[1.021s] copying teleop_turtlebot/__init__.py -> /home/olin/github/ponderada-teleop/build/teleop_turtlebot/build/lib/teleop_turtlebot
[1.021s] copying teleop_turtlebot/teleop_node.py -> /home/olin/github/ponderada-teleop/build/teleop_turtlebot/build/lib/teleop_turtlebot
[1.021s] running install
[1.021s] running install_lib
[1.022s] creating /home/olin/github/ponderada-teleop/install/teleop_turtlebot/lib/python3.10/site-packages/teleop_turtlebot
[1.022s] copying /home/olin/github/ponderada-teleop/build/teleop_turtlebot/build/lib/teleop_turtlebot/__init__.py -> /home/olin/github/ponderada-teleop/install/teleop_turtlebot/lib/python3.10/site-packages/teleop_turtlebot
[1.022s] copying /home/olin/github/ponderada-teleop/build/teleop_turtlebot/build/lib/teleop_turtlebot/teleop_node.py -> /home/olin/github/ponderada-teleop/install/teleop_turtlebot/lib/python3.10/site-packages/teleop_turtlebot
[1.023s] byte-compiling /home/olin/github/ponderada-teleop/install/teleop_turtlebot/lib/python3.10/site-packages/teleop_turtlebot/__init__.py to __init__.cpython-310.pyc
[1.023s] byte-compiling /home/olin/github/ponderada-teleop/install/teleop_turtlebot/lib/python3.10/site-packages/teleop_turtlebot/teleop_node.py to teleop_node.cpython-310.pyc
[1.024s] running install_egg_info
[1.025s] Copying ../../build/teleop_turtlebot/teleop_turtlebot.egg-info to /home/olin/github/ponderada-teleop/install/teleop_turtlebot/lib/python3.10/site-packages/teleop_turtlebot-0.0.0-py3.10.egg-info
[1.025s] running install_scripts
[1.042s] Installing teleop_node script to /home/olin/github/ponderada-teleop/install/teleop_turtlebot/lib/teleop_turtlebot
[1.042s] writing list of installed files to '/home/olin/github/ponderada-teleop/build/teleop_turtlebot/install.log'
[1.058s] Invoked command in '/home/olin/github/ponderada-teleop/src/teleop_turtlebot' returned '0': PYTHONPATH=/home/olin/github/ponderada-teleop/build/teleop_turtlebot/prefix_override:/home/olin/github/ponderada-teleop/install/teleop_turtlebot/lib/python3.10/site-packages:${PYTHONPATH} /usr/bin/python3 -W ignore:setup.py install is deprecated setup.py egg_info --egg-base ../../build/teleop_turtlebot build --build-base /home/olin/github/ponderada-teleop/build/teleop_turtlebot/build install --record /home/olin/github/ponderada-teleop/build/teleop_turtlebot/install.log --single-version-externally-managed
